<?xml version="1.0" encoding="UTF-8"?>
<!-- Generated by org.testng.reporters.JUnitXMLReporter -->
<testsuite hostname="DESKTOP-NC0PN60" ignored="3" name="Default test" tests="1" failures="0" timestamp="2022-07-09T17:30:44 IST" time="13.998" errors="0">
  <testcase name="OpenBrowser" time="12.909" classname="testcases.Test1Test"/>
  <testcase name="SecondMethod" time="0.0" classname="testcases.Test1Test">
    <ignored/>
  </testcase> <!-- SecondMethod -->
  <testcase name="ThirdMethod" time="0.0" classname="testcases.Test1Test">
    <ignored/>
  </testcase> <!-- ThirdMethod -->
  <testcase name="FourthMethod" time="0.0" classname="testcases.Test1Test">
    <ignored/>
  </testcase> <!-- FourthMethod -->
</testsuite> <!-- Default test -->
