<?xml version="1.0" encoding="UTF-8"?>
<!-- Generated by org.testng.reporters.JUnitXMLReporter -->
<testsuite hostname="DESKTOP-NC0PN60" ignored="1" name="Parallel Tests" tests="8" failures="0" timestamp="2022-07-10T09:18:51 IST" time="29.937" errors="0">
  <testcase name="OpenBrowser" time="8.916" classname="testcases.Test1Test"/>
  <testcase name="ThirdMethod" time="0.004" classname="testcases.Test1Test"/>
  <testcase name="Login" time="17.666" classname="Cross_browser_test.Test1Test"/>
  <testcase name="ThirdMethod" time="0.001" classname="Cross_browser_test.Test1Test"/>
  <testcase name="FourthMethod" time="0.008" classname="testcases.Test1Test"/>
  <testcase name="SecondMethod" time="0.001" classname="testcases.Test1Test"/>
  <testcase name="FourthMethod" time="0.027" classname="Cross_browser_test.Test1Test"/>
  <testcase name="SecondMethod" time="0.001" classname="Cross_browser_test.Test1Test"/>
  <testcase name="@AfterTest endTests" time="0.0" classname="testBase.TestBase">
    <ignored/>
  </testcase> <!-- @AfterTest endTests -->
</testsuite> <!-- Parallel Tests -->
