<?xml version="1.0" encoding="UTF-8"?>
<!-- Generated by org.testng.reporters.JUnitXMLReporter -->
<testsuite hostname="DESKTOP-NC0PN60" ignored="0" name="Test" tests="4" failures="1" timestamp="2022-07-07T19:27:33 IST" time="0.083" errors="0">
  <testcase name="FirstMethod" time="0.012" classname="testcases.Test1Test">
    <failure type="java.lang.AssertionError" message="null">
      <![CDATA[java.lang.AssertionError: null
at testcases.Test1Test.FirstMethod(Test1Test.java:11)
at java.util.ArrayList.forEach(ArrayList.java:1259)
... Removed 29 stack frames]]>
    </failure>
  </testcase> <!-- FirstMethod -->
  <testcase name="ThirdMethod" time="0.002" classname="testcases.Test1Test"/>
  <testcase name="FourthMethod" time="0.0" classname="testcases.Test1Test">
    <skipped/>
  </testcase> <!-- FourthMethod -->
  <testcase name="SecondMethod" time="0.0" classname="testcases.Test1Test">
    <skipped/>
  </testcase> <!-- SecondMethod -->
</testsuite> <!-- Test -->
