<?xml version="1.0" encoding="UTF-8"?>
<!-- Generated by org.testng.reporters.JUnitXMLReporter -->
<testsuite hostname="DESKTOP-NC0PN60" ignored="1" name="Regression" tests="3" failures="0" timestamp="2022-07-15T23:46:56 IST" time="129.787" errors="0">
  <testcase name="OpenBrowser" time="27.645" classname="Regression.Test1Test"/>
  <testcase name="FourthMethod" time="0.011" classname="Regression.Test1Test"/>
  <testcase name="SecondMethod" time="92.665" classname="Regression.Test1Test"/>
  <testcase name="ThirdMethod" time="0.0" classname="Regression.Test1Test">
    <ignored/>
  </testcase> <!-- ThirdMethod -->
</testsuite> <!-- Regression -->
