<?xml version="1.0" encoding="UTF-8"?>
<!-- Generated by org.testng.reporters.JUnitXMLReporter -->
<testsuite hostname="DESKTOP-NC0PN60" ignored="1" name="RegressionTest" tests="3" failures="0" timestamp="2022-07-10T18:10:22 IST" time="18.389" errors="0">
  <testcase name="OpenBrowser" time="8.154" classname="Regression.Test1Test"/>
  <testcase name="SecondMethod" time="9.164" classname="Regression.Test1Test"/>
  <testcase name="FourthMethod" time="0.003" classname="Regression.Test1Test"/>
  <testcase name="ThirdMethod" time="0.0" classname="Regression.Test1Test">
    <ignored/>
  </testcase> <!-- ThirdMethod -->
</testsuite> <!-- RegressionTest -->
