<?xml version="1.0" encoding="UTF-8"?>
<!-- Generated by org.testng.reporters.JUnitXMLReporter -->
<testsuite hostname="DESKTOP-NC0PN60" ignored="0" name="Smoke" tests="4" failures="1" timestamp="2022-07-17T12:05:33 IST" time="4.973" errors="0">
  <testcase name="ThirdMethod" time="0.212" classname="Smoke.Test1Test"/>
  <testcase name="Login" time="0.215" classname="Smoke.Test1Test"/>
  <testcase name="FourthMethod" time="0.006" classname="Smoke.Test1Test"/>
  <testcase name="SecondMethod" time="0.016" classname="Smoke.Test1Test">
    <failure type="java.lang.AssertionError" message="expected [true] but found [false]">
      <![CDATA[java.lang.AssertionError: expected [true] but found [false]
at Smoke.Test1Test.SecondMethod(Test1Test.java:39)
at java.util.concurrent.ThreadPoolExecutor.runWorker(ThreadPoolExecutor.java:1149)
at java.util.concurrent.ThreadPoolExecutor$Worker.run(ThreadPoolExecutor.java:624)
at java.lang.Thread.run(Thread.java:750)
... Removed 18 stack frames]]>
    </failure>
  </testcase> <!-- SecondMethod -->
</testsuite> <!-- Smoke -->
